# JRE version: OpenJDK Runtime Environment (8.0_242-b01) (build 1.8.0_242-release-1644-b01)
# Java VM: OpenJDK 64-Bit Server VM (25.242-b01 mixed mode windows-amd64 compressed oops)
Heap:
 PSYoungGen      total 591360K, used 379451K [0x00000000d5580000, 0x00000000ffc00000, 0x0000000100000000)
  eden space 493568K, 72% used [0x00000000d5580000,0x00000000eb151150,0x00000000f3780000)
  from space 97792K, 23% used [0x00000000f3780000,0x00000000f4e3dd88,0x00000000f9700000)
  to   space 94720K, 0% used [0x00000000f9f80000,0x00000000f9f80000,0x00000000ffc00000)
 ParOldGen       total 252928K, used 63069K [0x0000000080000000, 0x000000008f700000, 0x00000000d5580000)
  object space 252928K, 24% used [0x0000000080000000,0x0000000083d974f0,0x000000008f700000)
 Metaspace       used 166607K, capacity 173950K, committed 174412K, reserved 1202176K
  class space    used 20347K, capacity 21711K, committed 21876K, reserved 1048576K
GC Heap History (10 events):
Event: 6044.613 GC heap before
{Heap before GC invocations=33 (full 6):
 PSYoungGen      total 556544K, used 62978K [0x00000000d5580000, 0x0000000100000000, 0x0000000100000000)
  eden space 493056K, 0% used [0x00000000d5580000,0x00000000d5580000,0x00000000f3700000)
  from space 63488K, 99% used [0x00000000f3700000,0x00000000f7480810,0x00000000f7500000)
  to   space 105984K, 0% used [0x00000000f9880000,0x00000000f9880000,0x0000000100000000)
 ParOldGen       total 252928K, used 139285K [0x0000000080000000, 0x000000008f700000, 0x00000000d5580000)
  object space 252928K, 55% used [0x0000000080000000,0x00000000888054b0,0x000000008f700000)
 Metaspace       used 146008K, capacity 153262K, committed 153548K, reserved 1183744K
  class space    used 18181K, capacity 19548K, committed 19700K, reserved 1048576K
Event: 6047.986 GC heap after
Heap after GC invocations=33 (full 6):
 PSYoungGen      total 556544K, used 0K [0x00000000d5580000, 0x0000000100000000, 0x0000000100000000)
  eden space 493056K, 0% used [0x00000000d5580000,0x00000000d5580000,0x00000000f3700000)
  from space 63488K, 0% used [0x00000000f3700000,0x00000000f3700000,0x00000000f7500000)
  to   space 105984K, 0% used [0x00000000f9880000,0x00000000f9880000,0x0000000100000000)
 ParOldGen       total 252928K, used 63037K [0x0000000080000000, 0x000000008f700000, 0x00000000d5580000)
  object space 252928K, 24% used [0x0000000080000000,0x0000000083d8f4f0,0x000000008f700000)
 Metaspace       used 144608K, capacity 150468K, committed 153548K, reserved 1183744K
  class space    used 17899K, capacity 19033K, committed 19700K, reserved 1048576K
}
Event: 6378.666 GC heap before
{Heap before GC invocations=34 (full 6):
 PSYoungGen      total 556544K, used 493056K [0x00000000d5580000, 0x0000000100000000, 0x0000000100000000)
  eden space 493056K, 100% used [0x00000000d5580000,0x00000000f3700000,0x00000000f3700000)
  from space 63488K, 0% used [0x00000000f3700000,0x00000000f3700000,0x00000000f7500000)
  to   space 105984K, 0% used [0x00000000f9880000,0x00000000f9880000,0x0000000100000000)
 ParOldGen       total 252928K, used 63037K [0x0000000080000000, 0x000000008f700000, 0x00000000d5580000)
  object space 252928K, 24% used [0x0000000080000000,0x0000000083d8f4f0,0x000000008f700000)
 Metaspace       used 149994K, capacity 156320K, committed 158156K, reserved 1187840K
  class space    used 18531K, capacity 19739K, committed 20212K, reserved 1048576K
Event: 6378.780 GC heap after
Heap after GC invocations=34 (full 6):
 PSYoungGen      total 596480K, used 22336K [0x00000000d5580000, 0x0000000100000000, 0x0000000100000000)
  eden space 490496K, 0% used [0x00000000d5580000,0x00000000d5580000,0x00000000f3480000)
  from space 105984K, 21% used [0x00000000f9880000,0x00000000fae50308,0x0000000100000000)
  to   space 102400K, 0% used [0x00000000f3480000,0x00000000f3480000,0x00000000f9880000)
 ParOldGen       total 252928K, used 63045K [0x0000000080000000, 0x000000008f700000, 0x00000000d5580000)
  object space 252928K, 24% used [0x0000000080000000,0x0000000083d914f0,0x000000008f700000)
 Metaspace       used 149994K, capacity 156320K, committed 158156K, reserved 1187840K
  class space    used 18531K, capacity 19739K, committed 20212K, reserved 1048576K
}
Event: 6384.198 GC heap before
{Heap before GC invocations=35 (full 6):
 PSYoungGen      total 596480K, used 512832K [0x00000000d5580000, 0x0000000100000000, 0x0000000100000000)
  eden space 490496K, 100% used [0x00000000d5580000,0x00000000f3480000,0x00000000f3480000)
  from space 105984K, 21% used [0x00000000f9880000,0x00000000fae50308,0x0000000100000000)
  to   space 102400K, 0% used [0x00000000f3480000,0x00000000f3480000,0x00000000f9880000)
 ParOldGen       total 252928K, used 63045K [0x0000000080000000, 0x000000008f700000, 0x00000000d5580000)
  object space 252928K, 24% used [0x0000000080000000,0x0000000083d914f0,0x000000008f700000)
 Metaspace       used 157357K, capacity 163810K, committed 165580K, reserved 1193984K
  class space    used 19334K, capacity 20616K, committed 20980K, reserved 1048576K
Event: 6384.284 GC heap after
Heap after GC invocations=35 (full 6):
 PSYoungGen      total 592896K, used 57117K [0x00000000d5580000, 0x00000000ffd80000, 0x0000000100000000)
  eden space 490496K, 0% used [0x00000000d5580000,0x00000000d5580000,0x00000000f3480000)
  from space 102400K, 55% used [0x00000000f3480000,0x00000000f6c47718,0x00000000f9880000)
  to   space 102912K, 0% used [0x00000000f9900000,0x00000000f9900000,0x00000000ffd80000)
 ParOldGen       total 252928K, used 63053K [0x0000000080000000, 0x000000008f700000, 0x00000000d5580000)
  object space 252928K, 24% used [0x0000000080000000,0x0000000083d934f0,0x000000008f700000)
 Metaspace       used 157357K, capacity 163810K, committed 165580K, reserved 1193984K
  class space    used 19334K, capacity 20616K, committed 20980K, reserved 1048576K
}
Event: 6437.775 GC heap before
{Heap before GC invocations=36 (full 6):
 PSYoungGen      total 592896K, used 547613K [0x00000000d5580000, 0x00000000ffd80000, 0x0000000100000000)
  eden space 490496K, 100% used [0x00000000d5580000,0x00000000f3480000,0x00000000f3480000)
  from space 102400K, 55% used [0x00000000f3480000,0x00000000f6c47718,0x00000000f9880000)
  to   space 102912K, 0% used [0x00000000f9900000,0x00000000f9900000,0x00000000ffd80000)
 ParOldGen       total 252928K, used 63053K [0x0000000080000000, 0x000000008f700000, 0x00000000d5580000)
  object space 252928K, 24% used [0x0000000080000000,0x0000000083d934f0,0x000000008f700000)
 Metaspace       used 159125K, capacity 165804K, committed 167244K, reserved 1196032K
  class space    used 19483K, capacity 20760K, committed 21108K, reserved 1048576K
Event: 6437.894 GC heap after
Heap after GC invocations=36 (full 6):
 PSYoungGen      total 589312K, used 35029K [0x00000000d5580000, 0x00000000ff680000, 0x0000000100000000)
  eden space 493568K, 0% used [0x00000000d5580000,0x00000000d5580000,0x00000000f3780000)
  from space 95744K, 36% used [0x00000000f9900000,0x00000000fbb357b8,0x00000000ff680000)
  to   space 97792K, 0% used [0x00000000f3780000,0x00000000f3780000,0x00000000f9700000)
 ParOldGen       total 252928K, used 63061K [0x0000000080000000, 0x000000008f700000, 0x00000000d5580000)
  object space 252928K, 24% used [0x0000000080000000,0x0000000083d954f0,0x000000008f700000)
 Metaspace       used 159125K, capacity 165804K, committed 167244K, reserved 1196032K
  class space    used 19483K, capacity 20760K, committed 21108K, reserved 1048576K
}
Event: 6981.493 GC heap before
{Heap before GC invocations=37 (full 6):
 PSYoungGen      total 589312K, used 528597K [0x00000000d5580000, 0x00000000ff680000, 0x0000000100000000)
  eden space 493568K, 100% used [0x00000000d5580000,0x00000000f3780000,0x00000000f3780000)
  from space 95744K, 36% used [0x00000000f9900000,0x00000000fbb357b8,0x00000000ff680000)
  to   space 97792K, 0% used [0x00000000f3780000,0x00000000f3780000,0x00000000f9700000)
 ParOldGen       total 252928K, used 63061K [0x0000000080000000, 0x000000008f700000, 0x00000000d5580000)
  object space 252928K, 24% used [0x0000000080000000,0x0000000083d954f0,0x000000008f700000)
 Metaspace       used 159746K, capacity 167018K, committed 167500K, reserved 1196032K
  class space    used 19571K, capacity 20907K, committed 21108K, reserved 1048576K
Event: 6981.539 GC heap after
Heap after GC invocations=37 (full 6):
 PSYoungGen      total 591360K, used 23287K [0x00000000d5580000, 0x00000000ffc00000, 0x0000000100000000)
  eden space 493568K, 0% used [0x00000000d5580000,0x00000000d5580000,0x00000000f3780000)
  from space 97792K, 23% used [0x00000000f3780000,0x00000000f4e3dd88,0x00000000f9700000)
  to   space 94720K, 0% used [0x00000000f9f80000,0x00000000f9f80000,0x00000000ffc00000)
 ParOldGen       total 252928K, used 63069K [0x0000000080000000, 0x000000008f700000, 0x00000000d5580000)
  object space 252928K, 24% used [0x0000000080000000,0x0000000083d974f0,0x000000008f700000)
 Metaspace       used 159746K, capacity 167018K, committed 167500K, reserved 1196032K
  class space    used 19571K, capacity 20907K, committed 21108K, reserved 1048576K
}

